# JRE version: OpenJDK Runtime Environment (8.0_212-b04) (build 1.8.0_212-release-1586-b04)
# Java VM: OpenJDK 64-Bit Server VM (25.212-b04 mixed mode windows-amd64 compressed oops)
Heap:
 PSYoungGen      total 492544K, used 464562K [0x00000000e0000000, 0x0000000100000000, 0x0000000100000000)
  eden space 474112K, 96% used [0x00000000e0000000,0x00000000fc02cb88,0x00000000fcf00000)
  from space 18432K, 30% used [0x00000000fcf00000,0x00000000fd480020,0x00000000fe100000)
  to   space 17408K, 0% used [0x00000000fef00000,0x00000000fef00000,0x0000000100000000)
 ParOldGen       total 175104K, used 103340K [0x00000000a0000000, 0x00000000aab00000, 0x00000000e0000000)
  object space 175104K, 59% used [0x00000000a0000000,0x00000000a64eb0b8,0x00000000aab00000)
 Metaspace       used 138987K, capacity 146526K, committed 149848K, reserved 1179648K
  class space    used 17570K, capacity 18928K, committed 19544K, reserved 1048576K
GC Heap History (10 events):
Event: 21454.030 GC heap before
{Heap before GC invocations=73 (full 5):
 PSYoungGen      total 363520K, used 355669K [0x00000000e0000000, 0x00000000faf00000, 0x0000000100000000)
  eden space 346624K, 100% used [0x00000000e0000000,0x00000000f5280000,0x00000000f5280000)
  from space 16896K, 53% used [0x00000000f5280000,0x00000000f5b557f0,0x00000000f6300000)
  to   space 16896K, 0% used [0x00000000f9e80000,0x00000000f9e80000,0x00000000faf00000)
 ParOldGen       total 138240K, used 116584K [0x00000000a0000000, 0x00000000a8700000, 0x00000000e0000000)
  object space 138240K, 84% used [0x00000000a0000000,0x00000000a71da1c8,0x00000000a8700000)
 Metaspace       used 137009K, capacity 144388K, committed 148184K, reserved 1177600K
  class space    used 17345K, capacity 18680K, committed 19416K, reserved 1048576K
Event: 21454.082 GC heap after
Heap after GC invocations=73 (full 5):
 PSYoungGen      total 423424K, used 12398K [0x00000000e0000000, 0x00000000fb280000, 0x0000000100000000)
  eden space 406528K, 0% used [0x00000000e0000000,0x00000000e0000000,0x00000000f8d00000)
  from space 16896K, 73% used [0x00000000f9e80000,0x00000000faa9bb40,0x00000000faf00000)
  to   space 17920K, 0% used [0x00000000f8d00000,0x00000000f8d00000,0x00000000f9e80000)
 ParOldGen       total 138240K, used 121286K [0x00000000a0000000, 0x00000000a8700000, 0x00000000e0000000)
  object space 138240K, 87% used [0x00000000a0000000,0x00000000a7671838,0x00000000a8700000)
 Metaspace       used 137009K, capacity 144388K, committed 148184K, reserved 1177600K
  class space    used 17345K, capacity 18680K, committed 19416K, reserved 1048576K
}
Event: 21456.009 GC heap before
{Heap before GC invocations=74 (full 5):
 PSYoungGen      total 423424K, used 418926K [0x00000000e0000000, 0x00000000fb280000, 0x0000000100000000)
  eden space 406528K, 100% used [0x00000000e0000000,0x00000000f8d00000,0x00000000f8d00000)
  from space 16896K, 73% used [0x00000000f9e80000,0x00000000faa9bb40,0x00000000faf00000)
  to   space 17920K, 0% used [0x00000000f8d00000,0x00000000f8d00000,0x00000000f9e80000)
 ParOldGen       total 138240K, used 121286K [0x00000000a0000000, 0x00000000a8700000, 0x00000000e0000000)
  object space 138240K, 87% used [0x00000000a0000000,0x00000000a7671838,0x00000000a8700000)
 Metaspace       used 137337K, capacity 144790K, committed 148440K, reserved 1177600K
  class space    used 17381K, capacity 18721K, committed 19416K, reserved 1048576K
Event: 21456.070 GC heap after
Heap after GC invocations=74 (full 5):
 PSYoungGen      total 424448K, used 13098K [0x00000000e0000000, 0x00000000ff980000, 0x0000000100000000)
  eden space 406528K, 0% used [0x00000000e0000000,0x00000000e0000000,0x00000000f8d00000)
  from space 17920K, 73% used [0x00000000f8d00000,0x00000000f99caa10,0x00000000f9e80000)
  to   space 18944K, 0% used [0x00000000fe700000,0x00000000fe700000,0x00000000ff980000)
 ParOldGen       total 138240K, used 131618K [0x00000000a0000000, 0x00000000a8700000, 0x00000000e0000000)
  object space 138240K, 95% used [0x00000000a0000000,0x00000000a8088ae8,0x00000000a8700000)
 Metaspace       used 137337K, capacity 144790K, committed 148440K, reserved 1177600K
  class space    used 17381K, capacity 18721K, committed 19416K, reserved 1048576K
}
Event: 21456.070 GC heap before
{Heap before GC invocations=75 (full 6):
 PSYoungGen      total 424448K, used 13098K [0x00000000e0000000, 0x00000000ff980000, 0x0000000100000000)
  eden space 406528K, 0% used [0x00000000e0000000,0x00000000e0000000,0x00000000f8d00000)
  from space 17920K, 73% used [0x00000000f8d00000,0x00000000f99caa10,0x00000000f9e80000)
  to   space 18944K, 0% used [0x00000000fe700000,0x00000000fe700000,0x00000000ff980000)
 ParOldGen       total 138240K, used 131618K [0x00000000a0000000, 0x00000000a8700000, 0x00000000e0000000)
  object space 138240K, 95% used [0x00000000a0000000,0x00000000a8088ae8,0x00000000a8700000)
 Metaspace       used 137337K, capacity 144790K, committed 148440K, reserved 1177600K
  class space    used 17381K, capacity 18721K, committed 19416K, reserved 1048576K
Event: 21456.471 GC heap after
Heap after GC invocations=75 (full 6):
 PSYoungGen      total 424448K, used 0K [0x00000000e0000000, 0x00000000ff980000, 0x0000000100000000)
  eden space 406528K, 0% used [0x00000000e0000000,0x00000000e0000000,0x00000000f8d00000)
  from space 17920K, 0% used [0x00000000f8d00000,0x00000000f8d00000,0x00000000f9e80000)
  to   space 18944K, 0% used [0x00000000fe700000,0x00000000fe700000,0x00000000ff980000)
 ParOldGen       total 175104K, used 100081K [0x00000000a0000000, 0x00000000aab00000, 0x00000000e0000000)
  object space 175104K, 57% used [0x00000000a0000000,0x00000000a61bc680,0x00000000aab00000)
 Metaspace       used 137191K, capacity 144394K, committed 148440K, reserved 1177600K
  class space    used 17330K, capacity 18633K, committed 19416K, reserved 1048576K
}
Event: 21458.691 GC heap before
{Heap before GC invocations=76 (full 6):
 PSYoungGen      total 424448K, used 406528K [0x00000000e0000000, 0x00000000ff980000, 0x0000000100000000)
  eden space 406528K, 100% used [0x00000000e0000000,0x00000000f8d00000,0x00000000f8d00000)
  from space 17920K, 0% used [0x00000000f8d00000,0x00000000f8d00000,0x00000000f9e80000)
  to   space 18944K, 0% used [0x00000000fe700000,0x00000000fe700000,0x00000000ff980000)
 ParOldGen       total 175104K, used 100081K [0x00000000a0000000, 0x00000000aab00000, 0x00000000e0000000)
  object space 175104K, 57% used [0x00000000a0000000,0x00000000a61bc680,0x00000000aab00000)
 Metaspace       used 137276K, capacity 144446K, committed 148440K, reserved 1177600K
  class space    used 17346K, capacity 18643K, committed 19416K, reserved 1048576K
Event: 21458.723 GC heap after
Heap after GC invocations=76 (full 6):
 PSYoungGen      total 486400K, used 5714K [0x00000000e0000000, 0x00000000ff300000, 0x0000000100000000)
  eden space 474112K, 0% used [0x00000000e0000000,0x00000000e0000000,0x00000000fcf00000)
  from space 12288K, 46% used [0x00000000fe700000,0x00000000fec94938,0x00000000ff300000)
  to   space 18432K, 0% used [0x00000000fcf00000,0x00000000fcf00000,0x00000000fe100000)
 ParOldGen       total 175104K, used 100081K [0x00000000a0000000, 0x00000000aab00000, 0x00000000e0000000)
  object space 175104K, 57% used [0x00000000a0000000,0x00000000a61bc680,0x00000000aab00000)
 Metaspace       used 137276K, capacity 144446K, committed 148440K, reserved 1177600K
  class space    used 17346K, capacity 18643K, committed 19416K, reserved 1048576K
}
Event: 21461.551 GC heap before
{Heap before GC invocations=77 (full 6):
 PSYoungGen      total 486400K, used 479826K [0x00000000e0000000, 0x00000000ff300000, 0x0000000100000000)
  eden space 474112K, 100% used [0x00000000e0000000,0x00000000fcf00000,0x00000000fcf00000)
  from space 12288K, 46% used [0x00000000fe700000,0x00000000fec94938,0x00000000ff300000)
  to   space 18432K, 0% used [0x00000000fcf00000,0x00000000fcf00000,0x00000000fe100000)
 ParOldGen       total 175104K, used 100081K [0x00000000a0000000, 0x00000000aab00000, 0x00000000e0000000)
  object space 175104K, 57% used [0x00000000a0000000,0x00000000a61bc680,0x00000000aab00000)
 Metaspace       used 137634K, capacity 144902K, committed 148696K, reserved 1179648K
  class space    used 17393K, capacity 18699K, committed 19416K, reserved 1048576K
Event: 21461.588 GC heap after
Heap after GC invocations=77 (full 6):
 PSYoungGen      total 492544K, used 5632K [0x00000000e0000000, 0x0000000100000000, 0x0000000100000000)
  eden space 474112K, 0% used [0x00000000e0000000,0x00000000e0000000,0x00000000fcf00000)
  from space 18432K, 30% used [0x00000000fcf00000,0x00000000fd480020,0x00000000fe100000)
  to   space 17408K, 0% used [0x00000000fef00000,0x00000000fef00000,0x0000000100000000)
 ParOldGen       total 175104K, used 103340K [0x00000000a0000000, 0x00000000aab00000, 0x00000000e0000000)
  object space 175104K, 59% used [0x00000000a0000000,0x00000000a64eb0b8,0x00000000aab00000)
 Metaspace       used 137634K, capacity 144902K, committed 148696K, reserved 1179648K
  class space    used 17393K, capacity 18699K, committed 19416K, reserved 1048576K
}

