# JRE version: OpenJDK Runtime Environment (8.0_212-b04) (build 1.8.0_212-release-1586-b04)
# Java VM: OpenJDK 64-Bit Server VM (25.212-b04 mixed mode windows-amd64 compressed oops)
Heap:
 PSYoungGen      total 336896K, used 63476K [0x00000000e0000000, 0x00000000f6680000, 0x0000000100000000)
  eden space 306688K, 19% used [0x00000000e0000000,0x00000000e3b82c38,0x00000000f2b80000)
  from space 30208K, 8% used [0x00000000f2b80000,0x00000000f2dfa5a8,0x00000000f4900000)
  to   space 28672K, 0% used [0x00000000f4a80000,0x00000000f4a80000,0x00000000f6680000)
 ParOldGen       total 205824K, used 71048K [0x00000000a0000000, 0x00000000ac900000, 0x00000000e0000000)
  object space 205824K, 34% used [0x00000000a0000000,0x00000000a4562160,0x00000000ac900000)
 Metaspace       used 101760K, capacity 105932K, committed 106624K, reserved 1142784K
  class space    used 12994K, capacity 13816K, committed 13952K, reserved 1048576K
GC Heap History (10 events):
Event: 6383.897 GC heap before
{Heap before GC invocations=24 (full 4):
 PSYoungGen      total 252416K, used 14236K [0x00000000e0000000, 0x00000000f3200000, 0x0000000100000000)
  eden space 219136K, 0% used [0x00000000e0000000,0x00000000e0000000,0x00000000ed600000)
  from space 33280K, 42% used [0x00000000ef780000,0x00000000f0567198,0x00000000f1800000)
  to   space 34304K, 0% used [0x00000000ed600000,0x00000000ed600000,0x00000000ef780000)
 ParOldGen       total 139776K, used 79743K [0x00000000a0000000, 0x00000000a8880000, 0x00000000e0000000)
  object space 139776K, 57% used [0x00000000a0000000,0x00000000a4ddfc10,0x00000000a8880000)
 Metaspace       used 94294K, capacity 98464K, committed 98560K, reserved 1134592K
  class space    used 12126K, capacity 13017K, committed 13056K, reserved 1048576K
Event: 6388.427 GC heap after
Heap after GC invocations=24 (full 4):
 PSYoungGen      total 252416K, used 0K [0x00000000e0000000, 0x00000000f3200000, 0x0000000100000000)
  eden space 219136K, 0% used [0x00000000e0000000,0x00000000e0000000,0x00000000ed600000)
  from space 33280K, 0% used [0x00000000ef780000,0x00000000ef780000,0x00000000f1800000)
  to   space 34304K, 0% used [0x00000000ed600000,0x00000000ed600000,0x00000000ef780000)
 ParOldGen       total 205824K, used 63176K [0x00000000a0000000, 0x00000000ac900000, 0x00000000e0000000)
  object space 205824K, 30% used [0x00000000a0000000,0x00000000a3db2038,0x00000000ac900000)
 Metaspace       used 93036K, capacity 96136K, committed 98560K, reserved 1134592K
  class space    used 11859K, capacity 12536K, committed 13056K, reserved 1048576K
}
Event: 6407.176 GC heap before
{Heap before GC invocations=25 (full 4):
 PSYoungGen      total 252416K, used 219136K [0x00000000e0000000, 0x00000000f3200000, 0x0000000100000000)
  eden space 219136K, 100% used [0x00000000e0000000,0x00000000ed600000,0x00000000ed600000)
  from space 33280K, 0% used [0x00000000ef780000,0x00000000ef780000,0x00000000f1800000)
  to   space 34304K, 0% used [0x00000000ed600000,0x00000000ed600000,0x00000000ef780000)
 ParOldGen       total 205824K, used 63176K [0x00000000a0000000, 0x00000000ac900000, 0x00000000e0000000)
  object space 205824K, 30% used [0x00000000a0000000,0x00000000a3db2038,0x00000000ac900000)
 Metaspace       used 100273K, capacity 104202K, committed 105216K, reserved 1140736K
  class space    used 12827K, capacity 13667K, committed 13824K, reserved 1048576K
Event: 6407.219 GC heap after
Heap after GC invocations=25 (full 4):
 PSYoungGen      total 253440K, used 11987K [0x00000000e0000000, 0x00000000f3480000, 0x0000000100000000)
  eden space 219136K, 0% used [0x00000000e0000000,0x00000000e0000000,0x00000000ed600000)
  from space 34304K, 34% used [0x00000000ed600000,0x00000000ee1b4c18,0x00000000ef780000)
  to   space 32768K, 0% used [0x00000000f1480000,0x00000000f1480000,0x00000000f3480000)
 ParOldGen       total 205824K, used 63184K [0x00000000a0000000, 0x00000000ac900000, 0x00000000e0000000)
  object space 205824K, 30% used [0x00000000a0000000,0x00000000a3db4038,0x00000000ac900000)
 Metaspace       used 100273K, capacity 104202K, committed 105216K, reserved 1140736K
  class space    used 12827K, capacity 13667K, committed 13824K, reserved 1048576K
}
Event: 6409.841 GC heap before
{Heap before GC invocations=26 (full 4):
 PSYoungGen      total 253440K, used 231123K [0x00000000e0000000, 0x00000000f3480000, 0x0000000100000000)
  eden space 219136K, 100% used [0x00000000e0000000,0x00000000ed600000,0x00000000ed600000)
  from space 34304K, 34% used [0x00000000ed600000,0x00000000ee1b4c18,0x00000000ef780000)
  to   space 32768K, 0% used [0x00000000f1480000,0x00000000f1480000,0x00000000f3480000)
 ParOldGen       total 205824K, used 63184K [0x00000000a0000000, 0x00000000ac900000, 0x00000000e0000000)
  object space 205824K, 30% used [0x00000000a0000000,0x00000000a3db4038,0x00000000ac900000)
 Metaspace       used 100876K, capacity 104974K, committed 105856K, reserved 1140736K
  class space    used 12907K, capacity 13749K, committed 13952K, reserved 1048576K
Event: 6410.037 GC heap after
Heap after GC invocations=26 (full 4):
 PSYoungGen      total 284160K, used 13533K [0x00000000e0000000, 0x00000000f4680000, 0x0000000100000000)
  eden space 251392K, 0% used [0x00000000e0000000,0x00000000e0000000,0x00000000ef580000)
  from space 32768K, 41% used [0x00000000f1480000,0x00000000f21b74f8,0x00000000f3480000)
  to   space 31744K, 0% used [0x00000000ef580000,0x00000000ef580000,0x00000000f1480000)
 ParOldGen       total 205824K, used 63192K [0x00000000a0000000, 0x00000000ac900000, 0x00000000e0000000)
  object space 205824K, 30% used [0x00000000a0000000,0x00000000a3db6038,0x00000000ac900000)
 Metaspace       used 100876K, capacity 104974K, committed 105856K, reserved 1140736K
  class space    used 12907K, capacity 13749K, committed 13952K, reserved 1048576K
}
Event: 6412.174 GC heap before
{Heap before GC invocations=27 (full 4):
 PSYoungGen      total 284160K, used 264925K [0x00000000e0000000, 0x00000000f4680000, 0x0000000100000000)
  eden space 251392K, 100% used [0x00000000e0000000,0x00000000ef580000,0x00000000ef580000)
  from space 32768K, 41% used [0x00000000f1480000,0x00000000f21b74f8,0x00000000f3480000)
  to   space 31744K, 0% used [0x00000000ef580000,0x00000000ef580000,0x00000000f1480000)
 ParOldGen       total 205824K, used 63192K [0x00000000a0000000, 0x00000000ac900000, 0x00000000e0000000)
  object space 205824K, 30% used [0x00000000a0000000,0x00000000a3db6038,0x00000000ac900000)
 Metaspace       used 101098K, capacity 105264K, committed 106112K, reserved 1140736K
  class space    used 12932K, capacity 13790K, committed 13952K, reserved 1048576K
Event: 6412.212 GC heap after
Heap after GC invocations=27 (full 4):
 PSYoungGen      total 283136K, used 14412K [0x00000000e0000000, 0x00000000f6800000, 0x0000000100000000)
  eden space 251392K, 0% used [0x00000000e0000000,0x00000000e0000000,0x00000000ef580000)
  from space 31744K, 45% used [0x00000000ef580000,0x00000000f0393178,0x00000000f1480000)
  to   space 30208K, 0% used [0x00000000f4a80000,0x00000000f4a80000,0x00000000f6800000)
 ParOldGen       total 205824K, used 63200K [0x00000000a0000000, 0x00000000ac900000, 0x00000000e0000000)
  object space 205824K, 30% used [0x00000000a0000000,0x00000000a3db8038,0x00000000ac900000)
 Metaspace       used 101098K, capacity 105264K, committed 106112K, reserved 1140736K
  class space    used 12932K, capacity 13790K, committed 13952K, reserved 1048576K
}
Event: 6414.506 GC heap before
{Heap before GC invocations=28 (full 4):
 PSYoungGen      total 283136K, used 265804K [0x00000000e0000000, 0x00000000f6800000, 0x0000000100000000)
  eden space 251392K, 100% used [0x00000000e0000000,0x00000000ef580000,0x00000000ef580000)
  from space 31744K, 45% used [0x00000000ef580000,0x00000000f0393178,0x00000000f1480000)
  to   space 30208K, 0% used [0x00000000f4a80000,0x00000000f4a80000,0x00000000f6800000)
 ParOldGen       total 205824K, used 63200K [0x00000000a0000000, 0x00000000ac900000, 0x00000000e0000000)
  object space 205824K, 30% used [0x00000000a0000000,0x00000000a3db8038,0x00000000ac900000)
 Metaspace       used 101173K, capacity 105346K, committed 106112K, reserved 1140736K
  class space    used 12937K, capacity 13791K, committed 13952K, reserved 1048576K
Event: 6414.545 GC heap after
Heap after GC invocations=28 (full 4):
 PSYoungGen      total 335360K, used 6603K [0x00000000e0000000, 0x00000000f6680000, 0x0000000100000000)
  eden space 306688K, 0% used [0x00000000e0000000,0x00000000e0000000,0x00000000f2b80000)
  from space 28672K, 23% used [0x00000000f4a80000,0x00000000f50f2f48,0x00000000f6680000)
  to   space 30208K, 0% used [0x00000000f2b80000,0x00000000f2b80000,0x00000000f4900000)
 ParOldGen       total 205824K, used 68569K [0x00000000a0000000, 0x00000000ac900000, 0x00000000e0000000)
  object space 205824K, 33% used [0x00000000a0000000,0x00000000a42f65d0,0x00000000ac900000)
 Metaspace       used 101173K, capacity 105346K, committed 106112K, reserved 1140736K
  class space    used 12937K, capacity 13791K, committed 13952K, reserved 1048576K
}

